<?xml version="1.0" encoding="UTF-8"?>
<!-- Generated by org.testng.reporters.JUnitReportReporter -->
<testsuite hostname="IshantK-SAG" failures="0" tests="1" name="jana.testcases.com.Jana_TC04_Account" time="2.657" errors="0" timestamp="14 Dec 2022 13:12:42 GMT">
  <testcase classname="jana.testcases.com.Jana_TC04_Account" name="SearchAccountByNumber" time="2.657"/>
</testsuite> <!-- jana.testcases.com.Jana_TC04_Account -->
