<?xml version="1.0" encoding="UTF-8"?>
<!-- Generated by org.testng.reporters.JUnitReportReporter -->
<testsuite hostname="IshantK-SAG" failures="0" tests="1" name="jana.testcases.com.Jana_TC05_LoginAPI" time="1.167" errors="0" timestamp="31 Dec 2022 04:53:09 GMT">
  <testcase classname="jana.testcases.com.Jana_TC05_LoginAPI" name="getPost" time="1.167"/>
</testsuite> <!-- jana.testcases.com.Jana_TC05_LoginAPI -->
