<?xml version="1.0" encoding="UTF-8"?>
<!-- Generated by org.testng.reporters.JUnitReportReporter -->
<testsuite hostname="IshantK-SAG" failures="0" tests="1" name="jana.testcases.com.AS" time="0.892" errors="0" timestamp="31 Dec 2022 05:02:32 GMT">
  <testcase classname="jana.testcases.com.AS" name="f" time="0.892"/>
</testsuite> <!-- jana.testcases.com.AS -->
