<?xml version="1.0" encoding="UTF-8"?>
<!-- Generated by org.testng.reporters.JUnitReportReporter -->
<testsuite hostname="IshantK-SAG" failures="0" tests="1" name="jana.testcases.com.API" time="2.657" errors="0" timestamp="30 Dec 2022 09:20:05 GMT">
  <testcase classname="jana.testcases.com.API" name="getPost" time="2.657"/>
</testsuite> <!-- jana.testcases.com.API -->
