<?xml version="1.0" encoding="UTF-8"?>
<!-- Generated by org.testng.reporters.JUnitReportReporter -->
<testsuite hostname="IshantK-SAG" failures="0" tests="1" name="daar.testcases.com.qf_TC02_NewLead" time="18.543" errors="0" timestamp="2022-12-20T14:12:50 IST" skipped="0">
  <testcase classname="daar.testcases.com.qf_TC02_NewLead" name="qf_newlead" time="18.543"/>
  <system-out/>
</testsuite> <!-- daar.testcases.com.qf_TC02_NewLead -->
